<?xml version="1.0" encoding="UTF-8"?>
<testsuite xmlns:xsi="http://www.w3.org/2001/XMLSchema-instance" xsi:noNamespaceSchemaLocation="https://maven.apache.org/surefire/maven-surefire-plugin/xsd/surefire-test-report-3.0.xsd" version="3.0" name="com.r7b7.service.PromptEngineTest" time="0.02" tests="1" errors="0" skipped="0" failures="0">
  <properties>
    <property name="java.specification.version" value="22"/>
    <property name="sun.jnu.encoding" value="UTF-8"/>
    <property name="java.class.path" value="/Users/prakashr/Documents/codebase/hosp-ai/target/test-classes:/Users/prakashr/Documents/codebase/hosp-ai/target/classes:/Users/prakashr/.m2/repository/com/fasterxml/jackson/core/jackson-databind/2.18.1/jackson-databind-2.18.1.jar:/Users/prakashr/.m2/repository/com/fasterxml/jackson/core/jackson-annotations/2.18.1/jackson-annotations-2.18.1.jar:/Users/prakashr/.m2/repository/com/fasterxml/jackson/core/jackson-core/2.18.1/jackson-core-2.18.1.jar:/Users/prakashr/.m2/repository/org/junit/jupiter/junit-jupiter-api/5.11.3/junit-jupiter-api-5.11.3.jar:/Users/prakashr/.m2/repository/org/opentest4j/opentest4j/1.3.0/opentest4j-1.3.0.jar:/Users/prakashr/.m2/repository/org/junit/platform/junit-platform-commons/1.11.3/junit-platform-commons-1.11.3.jar:/Users/prakashr/.m2/repository/org/apiguardian/apiguardian-api/1.1.2/apiguardian-api-1.1.2.jar:/Users/prakashr/.m2/repository/org/mockito/mockito-core/5.14.2/mockito-core-5.14.2.jar:/Users/prakashr/.m2/repository/net/bytebuddy/byte-buddy/1.15.4/byte-buddy-1.15.4.jar:/Users/prakashr/.m2/repository/net/bytebuddy/byte-buddy-agent/1.15.4/byte-buddy-agent-1.15.4.jar:/Users/prakashr/.m2/repository/org/objenesis/objenesis/3.3/objenesis-3.3.jar:"/>
    <property name="java.vm.vendor" value="Homebrew"/>
    <property name="sun.arch.data.model" value="64"/>
    <property name="java.vendor.url" value="https://github.com/Homebrew/homebrew-core/issues"/>
    <property name="user.timezone" value="America/Chicago"/>
    <property name="os.name" value="Mac OS X"/>
    <property name="java.vm.specification.version" value="22"/>
    <property name="sun.java.launcher" value="SUN_STANDARD"/>
    <property name="user.country" value="US"/>
    <property name="sun.boot.library.path" value="/opt/homebrew/Cellar/openjdk/22.0.2/libexec/openjdk.jdk/Contents/Home/lib"/>
    <property name="sun.java.command" value="/Users/prakashr/Documents/codebase/hosp-ai/target/surefire/surefirebooter-20241130142216425_3.jar /Users/prakashr/Documents/codebase/hosp-ai/target/surefire 2024-11-30T14-22-16_370-jvmRun1 surefire-20241130142216425_1tmp surefire_0-20241130142216425_2tmp"/>
    <property name="http.nonProxyHosts" value="local|*.local|169.254/16|*.169.254/16"/>
    <property name="jdk.debug" value="release"/>
    <property name="surefire.test.class.path" value="/Users/prakashr/Documents/codebase/hosp-ai/target/test-classes:/Users/prakashr/Documents/codebase/hosp-ai/target/classes:/Users/prakashr/.m2/repository/com/fasterxml/jackson/core/jackson-databind/2.18.1/jackson-databind-2.18.1.jar:/Users/prakashr/.m2/repository/com/fasterxml/jackson/core/jackson-annotations/2.18.1/jackson-annotations-2.18.1.jar:/Users/prakashr/.m2/repository/com/fasterxml/jackson/core/jackson-core/2.18.1/jackson-core-2.18.1.jar:/Users/prakashr/.m2/repository/org/junit/jupiter/junit-jupiter-api/5.11.3/junit-jupiter-api-5.11.3.jar:/Users/prakashr/.m2/repository/org/opentest4j/opentest4j/1.3.0/opentest4j-1.3.0.jar:/Users/prakashr/.m2/repository/org/junit/platform/junit-platform-commons/1.11.3/junit-platform-commons-1.11.3.jar:/Users/prakashr/.m2/repository/org/apiguardian/apiguardian-api/1.1.2/apiguardian-api-1.1.2.jar:/Users/prakashr/.m2/repository/org/mockito/mockito-core/5.14.2/mockito-core-5.14.2.jar:/Users/prakashr/.m2/repository/net/bytebuddy/byte-buddy/1.15.4/byte-buddy-1.15.4.jar:/Users/prakashr/.m2/repository/net/bytebuddy/byte-buddy-agent/1.15.4/byte-buddy-agent-1.15.4.jar:/Users/prakashr/.m2/repository/org/objenesis/objenesis/3.3/objenesis-3.3.jar:"/>
    <property name="sun.cpu.endian" value="little"/>
    <property name="user.home" value="/Users/prakashr"/>
    <property name="user.language" value="en"/>
    <property name="java.specification.vendor" value="Oracle Corporation"/>
    <property name="java.version.date" value="2024-07-16"/>
    <property name="java.home" value="/opt/homebrew/Cellar/openjdk/22.0.2/libexec/openjdk.jdk/Contents/Home"/>
    <property name="file.separator" value="/"/>
    <property name="basedir" value="/Users/prakashr/Documents/codebase/hosp-ai"/>
    <property name="java.vm.compressedOopsMode" value="Zero based"/>
    <property name="line.separator" value="&#10;"/>
    <property name="java.vm.specification.vendor" value="Oracle Corporation"/>
    <property name="java.specification.name" value="Java Platform API Specification"/>
    <property name="apple.awt.application.name" value="ForkedBooter"/>
    <property name="surefire.real.class.path" value="/Users/prakashr/Documents/codebase/hosp-ai/target/surefire/surefirebooter-20241130142216425_3.jar"/>
    <property name="sun.management.compiler" value="HotSpot 64-Bit Tiered Compilers"/>
    <property name="ftp.nonProxyHosts" value="local|*.local|169.254/16|*.169.254/16"/>
    <property name="java.runtime.version" value="22.0.2"/>
    <property name="user.name" value="prakashr"/>
    <property name="stdout.encoding" value="UTF-8"/>
    <property name="path.separator" value=":"/>
    <property name="os.version" value="15.1"/>
    <property name="java.runtime.name" value="OpenJDK Runtime Environment"/>
    <property name="file.encoding" value="UTF-8"/>
    <property name="java.vm.name" value="OpenJDK 64-Bit Server VM"/>
    <property name="java.vendor.version" value="Homebrew"/>
    <property name="localRepository" value="/Users/prakashr/.m2/repository"/>
    <property name="java.vendor.url.bug" value="https://github.com/Homebrew/homebrew-core/issues"/>
    <property name="java.io.tmpdir" value="/var/folders/4z/99x6xmsx29g2820f53fn64c40000gn/T/"/>
    <property name="java.version" value="22.0.2"/>
    <property name="user.dir" value="/Users/prakashr/Documents/codebase/hosp-ai"/>
    <property name="os.arch" value="aarch64"/>
    <property name="java.vm.specification.name" value="Java Virtual Machine Specification"/>
    <property name="native.encoding" value="UTF-8"/>
    <property name="java.library.path" value="/Users/prakashr/Library/Java/Extensions:/Library/Java/Extensions:/Network/Library/Java/Extensions:/System/Library/Java/Extensions:/usr/lib/java:."/>
    <property name="java.vm.info" value="mixed mode, sharing"/>
    <property name="stderr.encoding" value="UTF-8"/>
    <property name="java.vendor" value="Homebrew"/>
    <property name="java.vm.version" value="22.0.2"/>
    <property name="sun.io.unicode.encoding" value="UnicodeBig"/>
    <property name="socksNonProxyHosts" value="local|*.local|169.254/16|*.169.254/16"/>
    <property name="java.class.version" value="66.0"/>
  </properties>
  <testcase name="testGetResponse" classname="com.r7b7.service.PromptEngineTest" time="0.02"/>
</testsuite>